<?xml version="1.0" encoding="UTF-8"?>
<coverage generated="1723351648618" clover="3.2.0">
  <project timestamp="1723351648618" name="All files">
    <metrics statements="67" coveredstatements="59" conditionals="7" coveredconditionals="6" methods="5" coveredmethods="5" elements="79" coveredelements="70" complexity="0" loc="67" ncloc="67" packages="2" files="2" classes="2"/>
    <package name="middleware">
      <metrics statements="35" coveredstatements="30" conditionals="4" coveredconditionals="4" methods="3" coveredmethods="3"/>
      <file name="router.js" path="/home/marco/Documentos/Estudos/Node Projects/saints_api/src/middleware/router.js">
        <metrics statements="35" coveredstatements="30" conditionals="4" coveredconditionals="4" methods="3" coveredmethods="3"/>
        <line num="1" count="1" type="stmt"/>
        <line num="2" count="1" type="stmt"/>
        <line num="3" count="1" type="stmt"/>
        <line num="4" count="1" type="cond" truecount="1" falsecount="0"/>
        <line num="5" count="2" type="stmt"/>
        <line num="6" count="0" type="stmt"/>
        <line num="7" count="0" type="stmt"/>
        <line num="8" count="0" type="stmt"/>
        <line num="9" count="0" type="stmt"/>
        <line num="10" count="0" type="stmt"/>
        <line num="11" count="2" type="stmt"/>
        <line num="12" count="1" type="stmt"/>
        <line num="13" count="1" type="cond" truecount="1" falsecount="0"/>
        <line num="14" count="2" type="stmt"/>
        <line num="15" count="2" type="cond" truecount="1" falsecount="0"/>
        <line num="16" count="2" type="stmt"/>
        <line num="17" count="2" type="stmt"/>
        <line num="18" count="2" type="stmt"/>
        <line num="19" count="2" type="stmt"/>
        <line num="20" count="1" type="stmt"/>
        <line num="21" count="1" type="cond" truecount="1" falsecount="0"/>
        <line num="22" count="4" type="stmt"/>
        <line num="23" count="4" type="stmt"/>
        <line num="24" count="4" type="stmt"/>
        <line num="25" count="4" type="stmt"/>
        <line num="26" count="4" type="stmt"/>
        <line num="27" count="4" type="stmt"/>
        <line num="28" count="4" type="stmt"/>
        <line num="29" count="4" type="stmt"/>
        <line num="30" count="4" type="stmt"/>
        <line num="31" count="4" type="stmt"/>
        <line num="32" count="4" type="stmt"/>
        <line num="33" count="1" type="stmt"/>
        <line num="34" count="1" type="stmt"/>
        <line num="35" count="1" type="stmt"/>
      </file>
    </package>
    <package name="routes">
      <metrics statements="32" coveredstatements="29" conditionals="3" coveredconditionals="2" methods="2" coveredmethods="2"/>
      <file name="routes.js" path="/home/marco/Documentos/Estudos/Node Projects/saints_api/src/routes/routes.js">
        <metrics statements="32" coveredstatements="29" conditionals="3" coveredconditionals="2" methods="2" coveredmethods="2"/>
        <line num="1" count="1" type="stmt"/>
        <line num="2" count="1" type="stmt"/>
        <line num="3" count="1" type="stmt"/>
        <line num="4" count="1" type="stmt"/>
        <line num="5" count="1" type="stmt"/>
        <line num="6" count="1" type="stmt"/>
        <line num="7" count="1" type="cond" truecount="1" falsecount="0"/>
        <line num="8" count="1" type="stmt"/>
        <line num="9" count="1" type="stmt"/>
        <line num="10" count="1" type="stmt"/>
        <line num="11" count="1" type="cond" truecount="0" falsecount="1"/>
        <line num="12" count="0" type="stmt"/>
        <line num="13" count="0" type="stmt"/>
        <line num="14" count="0" type="stmt"/>
        <line num="15" count="1" type="stmt"/>
        <line num="16" count="1" type="stmt"/>
        <line num="17" count="1" type="stmt"/>
        <line num="18" count="1" type="stmt"/>
        <line num="19" count="1" type="stmt"/>
        <line num="20" count="1" type="stmt"/>
        <line num="21" count="1" type="stmt"/>
        <line num="22" count="1" type="stmt"/>
        <line num="23" count="1" type="stmt"/>
        <line num="24" count="1" type="stmt"/>
        <line num="25" count="1" type="stmt"/>
        <line num="26" count="1" type="cond" truecount="1" falsecount="0"/>
        <line num="27" count="1" type="stmt"/>
        <line num="28" count="1" type="stmt"/>
        <line num="29" count="1" type="stmt"/>
        <line num="30" count="1" type="stmt"/>
        <line num="31" count="1" type="stmt"/>
        <line num="32" count="1" type="stmt"/>
      </file>
    </package>
  </project>
</coverage>
