TN:
SF:src/middleware/router.js
FN:4,handleError
FN:13,handler
FN:21,extractRequest
FNF:3
FNH:3
FNDA:2,handleError
FNDA:2,handler
FNDA:4,extractRequest
DA:1,1
DA:2,1
DA:3,1
DA:4,1
DA:5,2
DA:6,0
DA:7,0
DA:8,0
DA:9,0
DA:10,0
DA:11,2
DA:12,1
DA:13,1
DA:14,2
DA:15,2
DA:16,2
DA:17,2
DA:18,2
DA:19,2
DA:20,1
DA:21,1
DA:22,4
DA:23,4
DA:24,4
DA:25,4
DA:26,4
DA:27,4
DA:28,4
DA:29,4
DA:30,4
DA:31,4
DA:32,4
DA:33,1
DA:34,1
DA:35,1
LF:35
LH:30
BRDA:4,0,0,2
BRDA:13,1,0,2
BRDA:15,2,0,1
BRDA:21,3,0,4
BRF:4
BRH:4
end_of_record
TN:
SF:src/routes/routes.js
FN:7,/saint:get
FN:26,default
FNF:2
FNH:2
FNDA:1,/saint:get
FNDA:1,default
DA:1,1
DA:2,1
DA:3,1
DA:4,1
DA:5,1
DA:6,1
DA:7,1
DA:8,1
DA:9,1
DA:10,1
DA:11,1
DA:12,0
DA:13,0
DA:14,0
DA:15,1
DA:16,1
DA:17,1
DA:18,1
DA:19,1
DA:20,1
DA:21,1
DA:22,1
DA:23,1
DA:24,1
DA:25,1
DA:26,1
DA:27,1
DA:28,1
DA:29,1
DA:30,1
DA:31,1
DA:32,1
LF:32
LH:29
BRDA:7,0,0,1
BRDA:11,1,0,0
BRDA:26,2,0,1
BRF:3
BRH:2
end_of_record
